d:\desktop\revive pls\thegamev0.6\debug\vc143.pdb
d:\desktop\revive pls\thegamev0.6\debug\vc143.idb
d:\desktop\revive pls\thegamev0.6\debug\strawberry.obj
d:\desktop\revive pls\thegamev0.6\debug\spike.obj
d:\desktop\revive pls\thegamev0.6\debug\player.obj
d:\desktop\revive pls\thegamev0.6\debug\main.obj
d:\desktop\revive pls\thegamev0.6\debug\level.obj
d:\desktop\revive pls\thegamev0.6\debug\constants.obj
d:\desktop\revive pls\thegamev0.6\debug\cherries.obj
d:\desktop\revive pls\thegamev0.6\debug\bluebird.obj
d:\desktop\revive pls\thegamev0.6\debug\apple.obj
d:\desktop\revive pls\thegamev0.6\debug\angrypig.obj
d:\desktop\revive pls\thegame\debug\vc143.pdb
d:\desktop\revive pls\thegame\debug\vc143.idb
d:\desktop\revive pls\thegame\debug\strawberry.obj
d:\desktop\revive pls\thegame\debug\spike.obj
d:\desktop\revive pls\thegame\debug\player.obj
d:\desktop\revive pls\thegame\debug\main.obj
d:\desktop\revive pls\thegame\debug\level.obj
d:\desktop\revive pls\thegame\debug\constants.obj
d:\desktop\revive pls\thegame\debug\cherries.obj
d:\desktop\revive pls\thegame\debug\bluebird.obj
d:\desktop\revive pls\thegame\debug\apple.obj
d:\desktop\revive pls\thegame\debug\angrypig.obj
d:\desktop\revive pls\thegamev0.6\debug\lernsfmlinvs15.ilk
d:\desktop\revive pls\thegamev0.6\debug\lernsfmlinvs15.exe
d:\desktop\revive pls\thegamev0.6\debug\lernsfmlinvs15.pdb
d:\desktop\revive pls\thegame\debug\lernsfmlinvs15.ilk
d:\desktop\revive pls\thegame\debug\lernsfmlinvs15.exe
d:\desktop\revive pls\thegame\debug\lernsfmlinvs15.pdb
d:\desktop\revive pls\thegame\debug\lernsfmlinvs15.tlog\cl.command.1.tlog
d:\desktop\revive pls\thegame\debug\lernsfmlinvs15.tlog\cl.read.1.tlog
d:\desktop\revive pls\thegame\debug\lernsfmlinvs15.tlog\cl.write.1.tlog
d:\desktop\revive pls\thegame\debug\lernsfmlinvs15.tlog\link.command.1.tlog
d:\desktop\revive pls\thegame\debug\lernsfmlinvs15.tlog\link.read.1.tlog
d:\desktop\revive pls\thegame\debug\lernsfmlinvs15.tlog\link.write.1.tlog
