  AngryPig.cpp
D:\Desktop\revive pls\TheGamev0.6\Object.h(3,10): fatal error C1083: Не удается открыть файл включение: SFML/Graphics.hpp: No such file or directory,
  Apple.cpp
D:\Desktop\revive pls\TheGamev0.6\Berries.h(5,10): fatal error C1083: Не удается открыть файл включение: SFML/Graphics.hpp: No such file or directory,
  BlueBird.cpp
D:\Desktop\revive pls\TheGamev0.6\Object.h(3,10): fatal error C1083: Не удается открыть файл включение: SFML/Graphics.hpp: No such file or directory,
  Cherries.cpp
D:\Desktop\revive pls\TheGamev0.6\Berries.h(5,10): fatal error C1083: Не удается открыть файл включение: SFML/Graphics.hpp: No such file or directory,
  Constants.h
  Level.cpp
D:\Desktop\revive pls\TheGamev0.6\Level.h(5,10): fatal error C1083: Не удается открыть файл включение: SFML/Graphics.hpp: No such file or directory,
  main.cpp
D:\Desktop\revive pls\TheGamev0.6\main.cpp(1,10): fatal error C1083: Не удается открыть файл включение: SFML/Graphics.hpp: No such file or directory,
  Player.cpp
D:\Desktop\revive pls\TheGamev0.6\Object.h(3,10): fatal error C1083: Не удается открыть файл включение: SFML/Graphics.hpp: No such file or directory,
  Spike.cpp
D:\Desktop\revive pls\TheGamev0.6\Object.h(3,10): fatal error C1083: Не удается открыть файл включение: SFML/Graphics.hpp: No such file or directory,
  Strawberry.cpp
D:\Desktop\revive pls\TheGamev0.6\Berries.h(5,10): fatal error C1083: Не удается открыть файл включение: SFML/Graphics.hpp: No such file or directory,
  Создание кода...
