e:\sfml\thegame\thegamev0.6\x64\debug\vc143.pdb
e:\sfml\thegame\thegamev0.6\x64\debug\vc143.idb
e:\sfml\thegame\thegamev0.6\x64\debug\player.obj
e:\sfml\thegame\thegamev0.6\x64\debug\main.obj
e:\sfml\thegame\thegamev0.6\x64\debug\level.obj
e:\sfml\thegame\thegamev0.6\x64\debug\constants.obj
e:\sfml\thegame\thegamev0.6\x64\debug\bluebird.obj
e:\sfml\thegame\thegamev0.6\x64\debug\angrypig.obj
e:\sfml\thegame\thegamev0.6\x64\debug\lernsfmlinvs15.pdb
e:\sfml\thegame\thegamev0.6\x64\debug\lernsfmlinvs15.tlog\cl.command.1.tlog
e:\sfml\thegame\thegamev0.6\x64\debug\lernsfmlinvs15.tlog\cl.read.1.tlog
e:\sfml\thegame\thegamev0.6\x64\debug\lernsfmlinvs15.tlog\cl.write.1.tlog
e:\sfml\thegame\thegamev0.6\x64\debug\lernsfmlinvs15.tlog\link-cvtres.read.1.tlog
e:\sfml\thegame\thegamev0.6\x64\debug\lernsfmlinvs15.tlog\link-cvtres.write.1.tlog
e:\sfml\thegame\thegamev0.6\x64\debug\lernsfmlinvs15.tlog\link-rc.read.1.tlog
e:\sfml\thegame\thegamev0.6\x64\debug\lernsfmlinvs15.tlog\link-rc.write.1.tlog
e:\sfml\thegame\thegamev0.6\x64\debug\lernsfmlinvs15.tlog\link.command.1.tlog
e:\sfml\thegame\thegamev0.6\x64\debug\lernsfmlinvs15.tlog\link.read.1.tlog
e:\sfml\thegame\thegamev0.6\x64\debug\lernsfmlinvs15.tlog\link.read.2.tlog
e:\sfml\thegame\thegamev0.6\x64\debug\lernsfmlinvs15.tlog\link.write.1.tlog
