  Constants.h
  main.cpp
C:\Users\wehehe\Desktop\LernSFMLInVS15\main.cpp(58,14): warning C4244: инициализация: преобразование "sf::Int64" в "float", возможна потеря данных
C:\Users\wehehe\Desktop\LernSFMLInVS15\main.cpp(88,75): warning C4244: аргумент: преобразование "int" в "float", возможна потеря данных
C:\Users\wehehe\Desktop\LernSFMLInVS15\main.cpp(88,37): warning C4244: аргумент: преобразование "int" в "float", возможна потеря данных
C:\Users\wehehe\Desktop\LernSFMLInVS15\main.cpp(105,68): warning C4244: аргумент: преобразование "int" в "float", возможна потеря данных
C:\Users\wehehe\Desktop\LernSFMLInVS15\main.cpp(105,30): warning C4244: аргумент: преобразование "int" в "float", возможна потеря данных
  Player.cpp
C:\Users\wehehe\Desktop\LernSFMLInVS15\Player.cpp(30,49): warning C4244: аргумент: преобразование "float" в "T", возможна потеря данных
          with
          [
              T=int
          ]
C:\Users\wehehe\Desktop\LernSFMLInVS15\Player.cpp(30,42): warning C4244: аргумент: преобразование "float" в "T", возможна потеря данных
          with
          [
              T=int
          ]
C:\Users\wehehe\Desktop\LernSFMLInVS15\Player.cpp(30,39): warning C4244: аргумент: преобразование "float" в "T", возможна потеря данных
          with
          [
              T=int
          ]
C:\Users\wehehe\Desktop\LernSFMLInVS15\Player.cpp(30,36): warning C4244: аргумент: преобразование "float" в "T", возможна потеря данных
          with
          [
              T=int
          ]
C:\Users\wehehe\Desktop\LernSFMLInVS15\Player.cpp(109,13): warning C4244: инициализация: преобразование "float" в "int", возможна потеря данных
C:\Users\wehehe\Desktop\LernSFMLInVS15\Player.cpp(110,13): warning C4244: инициализация: преобразование "float" в "int", возможна потеря данных
C:\Users\wehehe\Desktop\LernSFMLInVS15\Player.cpp(114,53): warning C4244: аргумент: преобразование "int" в "float", возможна потеря данных
C:\Users\wehehe\Desktop\LernSFMLInVS15\Player.cpp(115,59): warning C4244: аргумент: преобразование "int" в "float", возможна потеря данных
C:\Users\wehehe\Desktop\LernSFMLInVS15\Player.cpp(117,53): warning C4244: аргумент: преобразование "int" в "float", возможна потеря данных
C:\Users\wehehe\Desktop\LernSFMLInVS15\Player.cpp(118,59): warning C4244: аргумент: преобразование "int" в "float", возможна потеря данных
  Создание кода
  Previous IPDB not found, fall back to full compilation.
  All 179 functions were compiled because no usable IPDB/IOBJ from previous compilation was found.
  Создание кода завершено
  LernSFMLInVS15.vcxproj -> C:\Users\wehehe\Desktop\LernSFMLInVS15\FullRelease\LernSFMLInVS15.exe
