  AngryPig.cpp
D:\Desktop\revive pls\TheGame\AngryPig.cpp(19,13): warning C4244: инициализация: преобразование "float" в "int", возможна потеря данных
D:\Desktop\revive pls\TheGame\AngryPig.cpp(20,13): warning C4244: инициализация: преобразование "float" в "int", возможна потеря данных
  Apple.cpp
D:\Desktop\revive pls\TheGame\Berries.h(21,100): warning C4244: аргумент: преобразование "int" в "float", возможна потеря данных
D:\Desktop\revive pls\TheGame\Berries.h(21,93): warning C4244: аргумент: преобразование "int" в "float", возможна потеря данных
  BlueBird.cpp
D:\Desktop\revive pls\TheGame\BlueBird.cpp(17,13): warning C4244: инициализация: преобразование "float" в "int", возможна потеря данных
D:\Desktop\revive pls\TheGame\BlueBird.cpp(18,14): warning C4244: инициализация: преобразование "float" в "int", возможна потеря данных
  Cherries.cpp
D:\Desktop\revive pls\TheGame\Berries.h(21,100): warning C4244: аргумент: преобразование "int" в "float", возможна потеря данных
D:\Desktop\revive pls\TheGame\Berries.h(21,93): warning C4244: аргумент: преобразование "int" в "float", возможна потеря данных
  Constants.h
  Level.cpp
D:\Desktop\revive pls\TheGame\Berries.h(21,100): warning C4244: аргумент: преобразование "int" в "float", возможна потеря данных
D:\Desktop\revive pls\TheGame\Berries.h(21,93): warning C4244: аргумент: преобразование "int" в "float", возможна потеря данных
D:\Desktop\revive pls\TheGame\Traps.h(15,98): warning C4244: аргумент: преобразование "int" в "float", возможна потеря данных
D:\Desktop\revive pls\TheGame\Traps.h(15,91): warning C4244: аргумент: преобразование "int" в "float", возможна потеря данных
D:\Desktop\revive pls\TheGame\Level.cpp(62,92): warning C4244: аргумент: преобразование "int" в "float", возможна потеря данных
D:\Desktop\revive pls\TheGame\Level.cpp(62,39): warning C4244: аргумент: преобразование "int" в "float", возможна потеря данных
D:\Desktop\revive pls\TheGame\Level.cpp(66,92): warning C4244: аргумент: преобразование "int" в "float", возможна потеря данных
D:\Desktop\revive pls\TheGame\Level.cpp(66,39): warning C4244: аргумент: преобразование "int" в "float", возможна потеря данных
D:\Desktop\revive pls\TheGame\Level.cpp(70,92): warning C4244: аргумент: преобразование "int" в "float", возможна потеря данных
D:\Desktop\revive pls\TheGame\Level.cpp(70,39): warning C4244: аргумент: преобразование "int" в "float", возможна потеря данных
D:\Desktop\revive pls\TheGame\Level.cpp(75,40): warning C4244: аргумент: преобразование "int" в "float", возможна потеря данных
D:\Desktop\revive pls\TheGame\Level.cpp(75,33): warning C4244: аргумент: преобразование "int" в "float", возможна потеря данных
D:\Desktop\revive pls\TheGame\Level.cpp(87,91): warning C4244: аргумент: преобразование "int" в "float", возможна потеря данных
D:\Desktop\revive pls\TheGame\Level.cpp(87,38): warning C4244: аргумент: преобразование "int" в "float", возможна потеря данных
D:\Desktop\revive pls\TheGame\Level.cpp(91,93): warning C4244: аргумент: преобразование "int" в "float", возможна потеря данных
D:\Desktop\revive pls\TheGame\Level.cpp(91,40): warning C4244: аргумент: преобразование "int" в "float", возможна потеря данных
D:\Desktop\revive pls\TheGame\Level.cpp(95,88): warning C4244: аргумент: преобразование "int" в "float", возможна потеря данных
D:\Desktop\revive pls\TheGame\Level.cpp(95,35): warning C4244: аргумент: преобразование "int" в "float", возможна потеря данных
D:\Desktop\revive pls\TheGame\Level.cpp(108,61): warning C4244: аргумент: преобразование "int" в "float", возможна потеря данных
D:\Desktop\revive pls\TheGame\Level.cpp(108,33): warning C4244: аргумент: преобразование "int" в "float", возможна потеря данных
  main.cpp
D:\Desktop\revive pls\TheGame\Berries.h(21,100): warning C4244: аргумент: преобразование "int" в "float", возможна потеря данных
D:\Desktop\revive pls\TheGame\Berries.h(21,93): warning C4244: аргумент: преобразование "int" в "float", возможна потеря данных
D:\Desktop\revive pls\TheGame\Traps.h(15,98): warning C4244: аргумент: преобразование "int" в "float", возможна потеря данных
D:\Desktop\revive pls\TheGame\Traps.h(15,91): warning C4244: аргумент: преобразование "int" в "float", возможна потеря данных
D:\Desktop\revive pls\TheGame\GraphicsRenderingEngine.h(102,64): warning C4244: аргумент: преобразование "int" в "float", возможна потеря данных
D:\Desktop\revive pls\TheGame\GraphicsRenderingEngine.h(102,36): warning C4244: аргумент: преобразование "int" в "float", возможна потеря данных
D:\Desktop\revive pls\TheGame\GraphicsRenderingEngine.h(241,57): warning C4244: аргумент: преобразование "int" в "float", возможна потеря данных
D:\Desktop\revive pls\TheGame\GraphicsRenderingEngine.h(241,29): warning C4244: аргумент: преобразование "int" в "float", возможна потеря данных
D:\Desktop\revive pls\TheGame\GameLauncher.h(61,14): warning C4244: инициализация: преобразование "sf::Int64" в "float", возможна потеря данных
D:\Desktop\revive pls\TheGame\main.cpp(49,70): warning C4244: аргумент: преобразование "T" в "float", возможна потеря данных
          with
          [
              T=unsigned int
          ]
D:\Desktop\revive pls\TheGame\main.cpp(56,74): warning C4244: аргумент: преобразование "T" в "float", возможна потеря данных
          with
          [
              T=unsigned int
          ]
D:\Desktop\revive pls\TheGame\main.cpp(99,69): warning C4244: аргумент: преобразование "T" в "float", возможна потеря данных
          with
          [
              T=unsigned int
          ]
D:\Desktop\revive pls\TheGame\main.cpp(99,45): warning C4244: аргумент: преобразование "T" в "float", возможна потеря данных
          with
          [
              T=unsigned int
          ]
D:\Desktop\revive pls\TheGame\main.cpp(106,66): warning C4244: аргумент: преобразование "T" в "float", возможна потеря данных
          with
          [
              T=unsigned int
          ]
D:\Desktop\revive pls\TheGame\main.cpp(106,42): warning C4244: аргумент: преобразование "T" в "float", возможна потеря данных
          with
          [
              T=unsigned int
          ]
D:\Desktop\revive pls\TheGame\main.cpp(112,70): warning C4244: аргумент: преобразование "T" в "float", возможна потеря данных
          with
          [
              T=unsigned int
          ]
D:\Desktop\revive pls\TheGame\main.cpp(112,45): warning C4244: аргумент: преобразование "T" в "float", возможна потеря данных
          with
          [
              T=unsigned int
          ]
  Mushroom.cpp
D:\Desktop\revive pls\TheGame\Mushroom.cpp(20,13): warning C4244: инициализация: преобразование "float" в "int", возможна потеря данных
D:\Desktop\revive pls\TheGame\Mushroom.cpp(21,14): warning C4244: инициализация: преобразование "float" в "int", возможна потеря данных
  Player.cpp
D:\Desktop\revive pls\TheGame\Player.cpp(165,13): warning C4244: инициализация: преобразование "float" в "int", возможна потеря данных
D:\Desktop\revive pls\TheGame\Player.cpp(166,13): warning C4244: инициализация: преобразование "float" в "int", возможна потеря данных
D:\Desktop\revive pls\TheGame\Player.cpp(231,55): warning C4244: аргумент: преобразование "int" в "float", возможна потеря данных
D:\Desktop\revive pls\TheGame\Player.cpp(232,61): warning C4244: аргумент: преобразование "int" в "float", возможна потеря данных
D:\Desktop\revive pls\TheGame\Player.cpp(234,55): warning C4244: аргумент: преобразование "int" в "float", возможна потеря данных
D:\Desktop\revive pls\TheGame\Player.cpp(235,61): warning C4244: аргумент: преобразование "int" в "float", возможна потеря данных
  Spike.cpp
D:\Desktop\revive pls\TheGame\Traps.h(15,98): warning C4244: аргумент: преобразование "int" в "float", возможна потеря данных
D:\Desktop\revive pls\TheGame\Traps.h(15,91): warning C4244: аргумент: преобразование "int" в "float", возможна потеря данных
  Strawberry.cpp
D:\Desktop\revive pls\TheGame\Berries.h(21,100): warning C4244: аргумент: преобразование "int" в "float", возможна потеря данных
D:\Desktop\revive pls\TheGame\Berries.h(21,93): warning C4244: аргумент: преобразование "int" в "float", возможна потеря данных
  Создание кода
  Previous IPDB not found, fall back to full compilation.
  All 686 functions were compiled because no usable IPDB/IOBJ from previous compilation was found.
  Создание кода завершено
  LernSFMLInVS15.vcxproj -> D:\Desktop\revive pls\TheGame\Release\LernSFMLInVS15.exe
