d:\desktop\revive pls\thegame\release\vc143.pdb
d:\desktop\revive pls\thegame\release\strawberry.obj
d:\desktop\revive pls\thegame\release\spike.obj
d:\desktop\revive pls\thegame\release\player.obj
d:\desktop\revive pls\thegame\release\main.obj
d:\desktop\revive pls\thegame\release\level.obj
d:\desktop\revive pls\thegame\release\constants.obj
d:\desktop\revive pls\thegame\release\cherries.obj
d:\desktop\revive pls\thegame\release\bluebird.obj
d:\desktop\revive pls\thegame\release\apple.obj
d:\desktop\revive pls\thegame\release\angrypig.obj
d:\desktop\revive pls\thegame\release\lernsfmlinvs15.ipdb
d:\desktop\revive pls\thegame\release\lernsfmlinvs15.iobj
d:\desktop\revive pls\thegame\release\lernsfmlinvs15.exe
d:\desktop\revive pls\thegame\release\lernsfmlinvs15.pdb
d:\desktop\revive pls\thegame\release\lernsfmlinvs15.tlog\cl.command.1.tlog
d:\desktop\revive pls\thegame\release\lernsfmlinvs15.tlog\cl.read.1.tlog
d:\desktop\revive pls\thegame\release\lernsfmlinvs15.tlog\cl.write.1.tlog
d:\desktop\revive pls\thegame\release\lernsfmlinvs15.tlog\lernsfmlinvs15.write.1u.tlog
d:\desktop\revive pls\thegame\release\lernsfmlinvs15.tlog\link.command.1.tlog
d:\desktop\revive pls\thegame\release\lernsfmlinvs15.tlog\link.read.1.tlog
d:\desktop\revive pls\thegame\release\lernsfmlinvs15.tlog\link.write.1.tlog
